Determining if the pthread_create exist failed with the following output:
Change Dir: /afs/andrew.cmu.edu/usr1/minwongj/CMU_CG_P4/build/CMakeFiles/CMakeTmp

Run Build Command:/usr/bin/gmake "cmTryCompileExec3550133659/fast"
/usr/bin/gmake -f CMakeFiles/cmTryCompileExec3550133659.dir/build.make CMakeFiles/cmTryCompileExec3550133659.dir/build
gmake[1]: Entering directory `/afs/andrew.cmu.edu/usr1/minwongj/CMU_CG_P4/build/CMakeFiles/CMakeTmp'
/usr/bin/cmake -E cmake_progress_report /afs/andrew.cmu.edu/usr1/minwongj/CMU_CG_P4/build/CMakeFiles/CMakeTmp/CMakeFiles 1
Building C object CMakeFiles/cmTryCompileExec3550133659.dir/CheckSymbolExists.c.o
/usr/lib64/ccache/cc    -o CMakeFiles/cmTryCompileExec3550133659.dir/CheckSymbolExists.c.o   -c /afs/andrew.cmu.edu/usr1/minwongj/CMU_CG_P4/build/CMakeFiles/CMakeTmp/CheckSymbolExists.c
Linking C executable cmTryCompileExec3550133659
/usr/bin/cmake -E cmake_link_script CMakeFiles/cmTryCompileExec3550133659.dir/link.txt --verbose=1
/usr/lib64/ccache/cc       CMakeFiles/cmTryCompileExec3550133659.dir/CheckSymbolExists.c.o  -o cmTryCompileExec3550133659 -rdynamic 
CMakeFiles/cmTryCompileExec3550133659.dir/CheckSymbolExists.c.o: In function `main':
CheckSymbolExists.c:(.text+0xc): undefined reference to `pthread_create'
collect2: ld returned 1 exit status
gmake[1]: *** [cmTryCompileExec3550133659] Error 1
gmake[1]: Leaving directory `/afs/andrew.cmu.edu/usr1/minwongj/CMU_CG_P4/build/CMakeFiles/CMakeTmp'
gmake: *** [cmTryCompileExec3550133659/fast] Error 2

File /afs/andrew.cmu.edu/usr1/minwongj/CMU_CG_P4/build/CMakeFiles/CMakeTmp/CheckSymbolExists.c:
/* */
#include <pthread.h>

int main(int argc, char** argv)
{
  (void)argv;
#ifndef pthread_create
  return ((int*)(&pthread_create))[argc];
#else
  (void)argc;
  return 0;
#endif
}

Determining if the function pthread_create exists in the pthreads failed with the following output:
Change Dir: /afs/andrew.cmu.edu/usr1/minwongj/CMU_CG_P4/build/CMakeFiles/CMakeTmp

Run Build Command:/usr/bin/gmake "cmTryCompileExec283436015/fast"
/usr/bin/gmake -f CMakeFiles/cmTryCompileExec283436015.dir/build.make CMakeFiles/cmTryCompileExec283436015.dir/build
gmake[1]: Entering directory `/afs/andrew.cmu.edu/usr1/minwongj/CMU_CG_P4/build/CMakeFiles/CMakeTmp'
/usr/bin/cmake -E cmake_progress_report /afs/andrew.cmu.edu/usr1/minwongj/CMU_CG_P4/build/CMakeFiles/CMakeTmp/CMakeFiles 1
Building C object CMakeFiles/cmTryCompileExec283436015.dir/CheckFunctionExists.c.o
/usr/lib64/ccache/cc   -DCHECK_FUNCTION_EXISTS=pthread_create   -o CMakeFiles/cmTryCompileExec283436015.dir/CheckFunctionExists.c.o   -c /usr/share/cmake/Modules/CheckFunctionExists.c
Linking C executable cmTryCompileExec283436015
/usr/bin/cmake -E cmake_link_script CMakeFiles/cmTryCompileExec283436015.dir/link.txt --verbose=1
/usr/lib64/ccache/cc   -DCHECK_FUNCTION_EXISTS=pthread_create    CMakeFiles/cmTryCompileExec283436015.dir/CheckFunctionExists.c.o  -o cmTryCompileExec283436015 -rdynamic -lpthreads 
/usr/bin/ld: cannot find -lpthreads
collect2: ld returned 1 exit status
gmake[1]: *** [cmTryCompileExec283436015] Error 1
gmake[1]: Leaving directory `/afs/andrew.cmu.edu/usr1/minwongj/CMU_CG_P4/build/CMakeFiles/CMakeTmp'
gmake: *** [cmTryCompileExec283436015/fast] Error 2


